2020-01-15 13:52:10 INFO  PluginTasksProjectComponent.projectOpened(77) - ---------- Project opened ----------
2020-01-15 13:52:10 INFO  PluginTasksProjectComponent.projectOpened(78) - ---------- Version 3.37 ----------

2020-01-15 13:52:10 INFO  PluginTasksProjectComponent.setAutoscrolls(366) - Autoscrolls successfully set
2020-01-15 13:52:17 INFO  ApacheHttpClient.isSessionAppropriateWithSecretKey(580) - The session is not set in the property file.
2020-01-15 13:52:17 INFO  ApacheHttpClient.logout(624) - Waiting for server response.
2020-01-15 13:52:17 INFO  ApacheHttpClient.login(246) - Waiting for server response.
2020-01-15 13:52:17 INFO  ApacheHttpClient.login(246) - Waiting for server response.
2020-01-15 13:52:17 INFO  ApacheHttpClient.login(250) - responseCode = 200
2020-01-15 13:52:17 INFO  ApacheHttpClient.login(273) - JSESSIONID OK
2020-01-15 13:52:17 INFO  ApacheHttpClient.refreshUserInfo(301) - responseCode = 200
2020-01-15 13:52:17 INFO  ApacheHttpClient.refreshUserInfo(307) - User information received.
2020-01-15 13:52:17 INFO  ApacheHttpClient.startGA(35) - GAService started.
2020-01-15 13:52:17 WARN  PluginUtil.isProjectStructureCorrect(343) - The project structure is invalid.
2020-01-15 13:52:37 INFO  ApacheHttpClient.getWebResourceAsStream(493) - responseCode = 200
2020-01-15 13:52:37 WARN  PluginUtil.isProjectStructureCorrect(343) - The project structure is invalid.
2020-01-15 13:53:14 INFO  ApacheHttpClient.getWebResourceAsStream(493) - responseCode = 200
2020-01-15 13:53:14 WARN  PluginUtil.isProjectStructureCorrect(343) - The project structure is invalid.
2020-01-15 13:53:30 INFO  ApacheHttpClient.getWebResourceAsStream(493) - responseCode = 200
2020-01-15 13:53:31 INFO  PluginTasksProjectComponent.projectOpened(77) - ---------- Project opened ----------
2020-01-15 13:53:31 INFO  PluginTasksProjectComponent.projectOpened(78) - ---------- Version 3.37 ----------

2020-01-15 13:53:37 INFO  ApacheHttpClient.isSessionAppropriateWithSecretKey(593) - Waiting for server response.
2020-01-15 13:53:37 INFO  ApacheHttpClient.logout(624) - Waiting for server response.
2020-01-15 13:53:38 INFO  ApacheHttpClient.login(246) - Waiting for server response.
2020-01-15 13:53:38 INFO  ApacheHttpClient.login(250) - responseCode = 200
2020-01-15 13:53:38 INFO  ApacheHttpClient.login(273) - JSESSIONID OK
2020-01-15 13:53:38 INFO  ApacheHttpClient.refreshUserInfo(301) - responseCode = 200
2020-01-15 13:53:38 INFO  ApacheHttpClient.refreshUserInfo(307) - User information received.
2020-01-15 13:53:38 INFO  ApacheHttpClient.startGA(35) - GAService started.
2020-01-15 13:53:38 INFO  AbstractRestApiClient.startService(71) - EventsService started.
2020-01-15 13:53:52 INFO  ApacheHttpClient.getWebResourceAsStream(493) - responseCode = 200
2020-01-15 13:53:53 INFO  ApacheHttpClient.getFilteredTasks(332) - responseCode = 200
2020-01-15 13:53:55 INFO  ApacheHttpClient.getFilteredTasks(332) - responseCode = 200
2020-01-15 13:53:59 INFO  ApacheHttpClient.getFilteredTasks(332) - responseCode = 200
2020-01-15 13:54:11 INFO  PluginTasksProjectComponent.projectClosing(188) - ---------- Project closed ----------

2020-01-15 13:54:21 INFO  ApacheHttpClient.getWebResourceAsStream(493) - responseCode = 200
2020-01-15 13:54:21 WARN  PluginUtil.isProjectStructureCorrect(343) - The project structure is invalid.
2020-01-15 13:54:34 INFO  ApacheHttpClient.getWebResourceAsStream(493) - responseCode = 200
2020-01-15 13:54:34 WARN  PluginUtil.isProjectStructureCorrect(343) - The project structure is invalid.
2020-01-15 13:54:40 INFO  ApacheHttpClient.getWebResourceAsStream(493) - responseCode = 200
2020-01-15 13:54:41 INFO  PluginTasksProjectComponent.projectOpened(77) - ---------- Project opened ----------
2020-01-15 13:54:41 INFO  PluginTasksProjectComponent.projectOpened(78) - ---------- Version 3.37 ----------

2020-01-15 13:54:47 INFO  ApacheHttpClient.isSessionAppropriateWithSecretKey(593) - Waiting for server response.
2020-01-15 13:54:48 INFO  ApacheHttpClient.refreshUserInfo(301) - responseCode = 200
2020-01-15 13:54:48 INFO  ApacheHttpClient.refreshUserInfo(307) - User information received.
2020-01-15 13:54:48 INFO  ApacheHttpClient.startGA(35) - GAService started.
2020-01-15 13:54:48 INFO  AbstractRestApiClient.startService(71) - EventsService started.
2020-01-15 13:54:51 INFO  PluginTasksProjectComponent.projectClosing(188) - ---------- Project closed ----------

2020-01-15 14:45:10 INFO  ApacheHttpClient.getWebResourceAsStream(493) - responseCode = 200
2020-01-15 14:45:15 INFO  ApacheHttpClient.getFilteredTasks(332) - responseCode = 200
2020-01-15 14:45:22 INFO  ApacheHttpClient.getTaskTemplateInfo(349) - responseCode = 200
2020-01-15 14:45:24 INFO  ApacheHttpClient.getWebResourceAsStream(493) - responseCode = 200
2020-01-15 14:45:46 INFO  ApacheHttpClient.sendEvent(526) - responseCode = 200
2020-01-15 14:46:46 INFO  ApacheHttpClient.sendEvent(526) - responseCode = 200
2020-01-15 14:46:52 INFO  ApacheHttpClient.getWebResourceAsStream(493) - responseCode = 200
2020-01-15 14:46:53 INFO  ApacheHttpClient.getWebResourceAsStream(493) - responseCode = 200
2020-01-15 14:46:53 INFO  ApacheHttpClient.getTask(479) - responseCode = 200
2020-01-15 14:46:57 INFO  ApacheHttpClient.completed(28) - responseCode = 200
2020-01-15 14:46:57 INFO  ApacheHttpClient.getTask(479) - responseCode = 200
2020-01-15 14:47:12 INFO  ApacheHttpClient.getWebResourceAsStream(493) - responseCode = 200
2020-01-15 14:47:12 INFO  ApacheHttpClient.getFilteredTasks(332) - responseCode = 200
2020-01-15 14:47:14 INFO  ApacheHttpClient.getTaskTemplateInfo(349) - responseCode = 200
2020-01-15 14:47:15 INFO  ApacheHttpClient.getWebResourceAsStream(493) - responseCode = 200
2020-01-15 14:47:48 INFO  ApacheHttpClient.sendEvent(526) - responseCode = 200
2020-01-15 14:48:48 INFO  ApacheHttpClient.getWebResourceAsStream(493) - responseCode = 200
2020-01-15 14:48:49 INFO  ApacheHttpClient.getWebResourceAsStream(493) - responseCode = 200
2020-01-15 14:48:49 INFO  ApacheHttpClient.sendEvent(526) - responseCode = 200
2020-01-15 14:48:52 INFO  ApacheHttpClient.getTask(479) - responseCode = 200
2020-01-15 14:48:55 INFO  ApacheHttpClient.completed(28) - responseCode = 200
2020-01-15 14:48:58 INFO  ApacheHttpClient.getTask(479) - responseCode = 200
2020-01-15 14:49:07 INFO  ApacheHttpClient.getWebResourceAsStream(493) - responseCode = 200
2020-01-15 14:49:09 INFO  ApacheHttpClient.getFilteredTasks(332) - responseCode = 200
2020-01-15 14:49:12 INFO  ApacheHttpClient.getTaskTemplateInfo(349) - responseCode = 200
2020-01-15 14:49:13 INFO  ApacheHttpClient.getWebResourceAsStream(493) - responseCode = 200
2020-01-15 14:49:54 INFO  ApacheHttpClient.sendEvent(526) - responseCode = 200
2020-01-15 14:50:46 INFO  ApacheHttpClient.sendEvent(526) - responseCode = 200
2020-01-15 14:51:46 INFO  ApacheHttpClient.sendEvent(526) - responseCode = 200
2020-01-15 14:52:44 INFO  ApacheHttpClient.getWebResourceAsStream(493) - responseCode = 200
2020-01-15 14:52:45 INFO  ApacheHttpClient.getWebResourceAsStream(493) - responseCode = 200
2020-01-15 14:52:45 INFO  ApacheHttpClient.getTask(479) - responseCode = 200
2020-01-15 14:52:47 INFO  ApacheHttpClient.sendEvent(526) - responseCode = 200
2020-01-15 14:52:55 INFO  ApacheHttpClient.completed(28) - responseCode = 200
2020-01-15 14:52:55 INFO  ApacheHttpClient.getTask(479) - responseCode = 200
2020-01-15 14:53:03 INFO  ApacheHttpClient.getWebResourceAsStream(493) - responseCode = 200
2020-01-15 14:53:04 INFO  ApacheHttpClient.getFilteredTasks(332) - responseCode = 200
2020-01-15 14:53:26 INFO  ApacheHttpClient.getTaskTemplateInfo(349) - responseCode = 200
2020-01-15 14:53:30 INFO  ApacheHttpClient.getWebResourceAsStream(493) - responseCode = 200
2020-01-15 14:53:47 INFO  ApacheHttpClient.sendEvent(526) - responseCode = 200
2020-01-15 14:54:49 INFO  ApacheHttpClient.sendEvent(526) - responseCode = 200
2020-01-15 14:54:57 INFO  ApacheHttpClient.getWebResourceAsStream(493) - responseCode = 200
2020-01-15 14:54:58 INFO  ApacheHttpClient.getWebResourceAsStream(493) - responseCode = 200
2020-01-15 14:54:59 INFO  ApacheHttpClient.getTask(479) - responseCode = 200
2020-01-15 14:55:04 INFO  ApacheHttpClient.completed(28) - responseCode = 200
2020-01-15 14:55:04 INFO  ApacheHttpClient.getTask(479) - responseCode = 200
2020-01-15 14:55:11 INFO  ApacheHttpClient.getWebResourceAsStream(493) - responseCode = 200
2020-01-15 14:55:12 INFO  ApacheHttpClient.getFilteredTasks(332) - responseCode = 200
2020-01-15 14:55:26 INFO  ApacheHttpClient.getTaskTemplateInfo(349) - responseCode = 200
2020-01-15 14:55:28 INFO  ApacheHttpClient.getWebResourceAsStream(493) - responseCode = 200
2020-01-15 14:55:50 INFO  ApacheHttpClient.sendEvent(526) - responseCode = 200
2020-01-15 14:57:01 INFO  ApacheHttpClient.sendEvent(526) - responseCode = 200
2020-01-15 14:57:46 INFO  ApacheHttpClient.sendEvent(526) - responseCode = 200
2020-01-15 14:58:47 INFO  ApacheHttpClient.sendEvent(526) - responseCode = 200
2020-01-15 14:59:47 INFO  ApacheHttpClient.sendEvent(526) - responseCode = 200
2020-01-15 15:00:47 INFO  ApacheHttpClient.sendEvent(526) - responseCode = 200
2020-01-15 15:01:49 INFO  ApacheHttpClient.sendEvent(526) - responseCode = 200
2020-01-15 15:02:46 INFO  ApacheHttpClient.sendEvent(526) - responseCode = 200
2020-01-15 15:03:46 INFO  ApacheHttpClient.sendEvent(526) - responseCode = 200
2020-01-15 15:04:46 INFO  ApacheHttpClient.sendEvent(526) - responseCode = 200
2020-01-15 15:05:46 INFO  ApacheHttpClient.sendEvent(526) - responseCode = 200
2020-01-15 15:06:47 INFO  ApacheHttpClient.sendEvent(526) - responseCode = 200
2020-01-15 15:06:51 INFO  ApacheHttpClient.getWebResourceAsStream(493) - responseCode = 200
2020-01-15 15:06:52 INFO  ApacheHttpClient.getWebResourceAsStream(493) - responseCode = 200
2020-01-15 15:06:53 INFO  ApacheHttpClient.getTask(479) - responseCode = 200
2020-01-15 15:06:58 INFO  ApacheHttpClient.completed(28) - responseCode = 200
2020-01-15 15:06:59 INFO  ApacheHttpClient.getTask(479) - responseCode = 200
2020-01-15 15:07:08 INFO  ApacheHttpClient.getWebResourceAsStream(493) - responseCode = 200
2020-01-15 15:07:09 INFO  ApacheHttpClient.getFilteredTasks(332) - responseCode = 200
2020-01-15 15:07:20 INFO  ApacheHttpClient.getFilteredTasks(332) - responseCode = 200
2020-01-15 15:07:25 INFO  ApacheHttpClient.getFilteredTasks(332) - responseCode = 200
2020-01-15 15:07:50 INFO  ApacheHttpClient.sendEvent(526) - responseCode = 200
2020-01-15 15:09:08 INFO  ApacheHttpClient.sendEvent(526) - responseCode = 200
2020-01-15 15:09:56 INFO  ApacheHttpClient.sendEvent(526) - responseCode = 200
2020-01-15 15:10:48 INFO  ApacheHttpClient.sendEvent(526) - responseCode = 200
2020-01-15 15:11:48 INFO  ApacheHttpClient.sendEvent(526) - responseCode = 200
2020-01-15 15:12:51 INFO  ApacheHttpClient.sendEvent(526) - responseCode = 200
2020-01-15 15:13:50 INFO  ApacheHttpClient.sendEvent(526) - responseCode = 200
2020-01-15 15:15:01 INFO  ApacheHttpClient.sendEvent(526) - responseCode = 200
2020-01-15 15:15:46 INFO  ApacheHttpClient.sendEvent(526) - responseCode = 200
2020-01-15 15:16:47 INFO  ApacheHttpClient.sendEvent(526) - responseCode = 200
2020-01-15 15:17:50 INFO  ApacheHttpClient.sendEvent(526) - responseCode = 200
2020-01-15 15:18:52 INFO  ApacheHttpClient.sendEvent(526) - responseCode = 200
2020-01-15 15:19:46 INFO  ApacheHttpClient.sendEvent(526) - responseCode = 200
2020-01-15 15:20:48 INFO  ApacheHttpClient.sendEvent(526) - responseCode = 200
2020-01-15 15:21:46 INFO  ApacheHttpClient.sendEvent(526) - responseCode = 200
2020-01-15 15:22:46 INFO  ApacheHttpClient.sendEvent(526) - responseCode = 200
2020-01-15 15:23:46 INFO  ApacheHttpClient.sendEvent(526) - responseCode = 200
2020-01-15 15:24:47 INFO  ApacheHttpClient.sendEvent(526) - responseCode = 200
2020-01-15 15:25:46 INFO  ApacheHttpClient.sendEvent(526) - responseCode = 200
2020-01-15 15:26:46 INFO  ApacheHttpClient.sendEvent(526) - responseCode = 200
2020-01-15 15:27:47 INFO  ApacheHttpClient.sendEvent(526) - responseCode = 200
2020-01-15 15:28:49 INFO  ApacheHttpClient.sendEvent(526) - responseCode = 200
2020-01-15 15:29:47 INFO  ApacheHttpClient.sendEvent(526) - responseCode = 200
2020-01-15 15:30:47 INFO  ApacheHttpClient.sendEvent(526) - responseCode = 200
2020-01-15 15:31:46 INFO  ApacheHttpClient.sendEvent(526) - responseCode = 200
2020-01-15 15:32:46 INFO  ApacheHttpClient.sendEvent(526) - responseCode = 200
2020-01-15 15:33:46 INFO  ApacheHttpClient.sendEvent(526) - responseCode = 200
2020-01-15 15:34:46 INFO  ApacheHttpClient.sendEvent(526) - responseCode = 200
2020-01-15 15:35:46 INFO  ApacheHttpClient.sendEvent(526) - responseCode = 200
2020-01-15 15:36:46 INFO  ApacheHttpClient.sendEvent(526) - responseCode = 200
2020-01-15 15:37:47 INFO  ApacheHttpClient.sendEvent(526) - responseCode = 200
2020-01-15 15:38:46 INFO  ApacheHttpClient.sendEvent(526) - responseCode = 200
2020-01-15 15:39:46 INFO  ApacheHttpClient.sendEvent(526) - responseCode = 200
2020-01-15 15:40:48 INFO  ApacheHttpClient.sendEvent(526) - responseCode = 200
2020-01-15 15:41:47 INFO  ApacheHttpClient.sendEvent(526) - responseCode = 200
2020-01-15 15:42:46 INFO  ApacheHttpClient.sendEvent(526) - responseCode = 200
2020-01-15 15:43:46 INFO  ApacheHttpClient.sendEvent(526) - responseCode = 200
2020-01-15 15:44:46 INFO  ApacheHttpClient.sendEvent(526) - responseCode = 200
2020-01-15 15:45:46 INFO  ApacheHttpClient.sendEvent(526) - responseCode = 200
2020-01-15 15:46:46 INFO  ApacheHttpClient.sendEvent(526) - responseCode = 200
2020-01-15 15:47:46 INFO  ApacheHttpClient.sendEvent(526) - responseCode = 200
2020-01-15 15:48:47 INFO  ApacheHttpClient.sendEvent(526) - responseCode = 200
2020-01-15 15:49:46 INFO  ApacheHttpClient.sendEvent(526) - responseCode = 200
2020-01-15 15:50:46 INFO  ApacheHttpClient.sendEvent(526) - responseCode = 200
2020-01-15 15:51:46 INFO  ApacheHttpClient.sendEvent(526) - responseCode = 200
2020-01-15 15:52:46 INFO  ApacheHttpClient.sendEvent(526) - responseCode = 200
2020-01-15 15:53:46 INFO  ApacheHttpClient.sendEvent(526) - responseCode = 200
2020-01-15 15:54:49 INFO  ApacheHttpClient.sendEvent(526) - responseCode = 200
2020-01-15 15:55:46 INFO  ApacheHttpClient.sendEvent(526) - responseCode = 200
2020-01-15 15:56:46 INFO  ApacheHttpClient.sendEvent(526) - responseCode = 200
2020-01-15 15:57:46 INFO  ApacheHttpClient.sendEvent(526) - responseCode = 200
2020-01-15 15:58:46 INFO  ApacheHttpClient.sendEvent(526) - responseCode = 200
2020-01-15 15:59:46 INFO  ApacheHttpClient.sendEvent(526) - responseCode = 200
2020-01-15 16:00:46 INFO  ApacheHttpClient.sendEvent(526) - responseCode = 200
2020-01-15 16:01:46 INFO  ApacheHttpClient.sendEvent(526) - responseCode = 200
2020-01-15 16:02:47 INFO  ApacheHttpClient.sendEvent(526) - responseCode = 200
2020-01-15 16:03:56 INFO  ApacheHttpClient.sendEvent(526) - responseCode = 200
2020-01-15 16:04:59 INFO  ApacheHttpClient.sendEvent(526) - responseCode = 200
2020-01-15 16:05:55 INFO  ApacheHttpClient.sendEvent(526) - responseCode = 200
2020-01-15 16:06:47 INFO  ApacheHttpClient.sendEvent(526) - responseCode = 200
2020-01-15 16:07:49 INFO  ApacheHttpClient.sendEvent(526) - responseCode = 200
2020-01-15 16:08:49 INFO  ApacheHttpClient.sendEvent(526) - responseCode = 200
2020-01-15 16:09:59 INFO  ApacheHttpClient.sendEvent(526) - responseCode = 200
2020-01-15 16:10:52 INFO  ApacheHttpClient.sendEvent(526) - responseCode = 200
2020-01-15 16:11:25 INFO  PluginTasksProjectComponent.projectClosing(188) - ---------- Project closed ----------

2020-01-15 16:11:31 INFO  ApacheHttpClient.getTask(479) - responseCode = 200
2020-01-15 16:11:35 INFO  ApacheHttpClient.getTask(479) - responseCode = 200
2020-01-15 16:11:39 INFO  ApacheHttpClient.getTask(479) - responseCode = 200
2020-01-15 16:11:44 INFO  ApacheHttpClient.getTask(479) - responseCode = 200
2020-01-15 16:11:48 INFO  ApacheHttpClient.getTask(479) - responseCode = 200
2020-01-15 16:11:49 INFO  ApacheHttpClient.sendEvent(526) - responseCode = 200
2020-01-30 13:20:34 INFO  PluginTasksProjectComponent.projectOpened(77) - ---------- Project opened ----------
2020-01-30 13:20:34 INFO  PluginTasksProjectComponent.projectOpened(78) - ---------- Version 3.37 ----------

2020-01-30 13:20:34 INFO  PluginTasksProjectComponent.setAutoscrolls(366) - Autoscrolls successfully set
2020-01-30 13:20:34 INFO  ApacheHttpClient.createAsyncHttpClient(143) - 1 proxies selected. Type: DIRECT
2020-01-30 13:20:35 INFO  ApacheHttpClient.<init>(94) - ApacheHttpClient was successfully instantiated.
2020-01-30 13:20:35 INFO  ApacheHttpClient.testConnection(201) - responseCode = 200
2020-01-30 13:20:35 INFO  ApacheHttpClient.testConnection(216) - result = true
2020-01-30 13:20:36 INFO  ApacheHttpClient.isSessionAppropriateWithSecretKey(593) - Waiting for server response.
2020-01-30 13:20:36 INFO  ApacheHttpClient.refreshUserInfo(301) - responseCode = 200
2020-01-30 13:20:36 INFO  ApacheHttpClient.refreshUserInfo(307) - User information received.
2020-01-30 13:20:36 INFO  ApacheHttpClient.startGA(35) - GAService started.
2020-01-30 13:20:36 WARN  PluginUtil.isProjectStructureCorrect(343) - The project structure is invalid.
2020-01-30 13:20:46 INFO  ApacheHttpClient.getWebResourceAsStream(493) - responseCode = 200
2020-01-30 13:20:46 WARN  PluginUtil.isProjectStructureCorrect(343) - The project structure is invalid.
2020-01-30 13:20:57 INFO  ApacheHttpClient.getWebResourceAsStream(493) - responseCode = 200
2020-01-30 13:20:58 INFO  PluginTasksProjectComponent.projectOpened(77) - ---------- Project opened ----------
2020-01-30 13:20:58 INFO  PluginTasksProjectComponent.projectOpened(78) - ---------- Version 3.37 ----------

2020-01-30 13:21:01 INFO  ApacheHttpClient.isSessionAppropriateWithSecretKey(593) - Waiting for server response.
2020-01-30 13:21:01 INFO  ApacheHttpClient.refreshUserInfo(301) - responseCode = 200
2020-01-30 13:21:01 INFO  ApacheHttpClient.refreshUserInfo(307) - User information received.
2020-01-30 13:21:01 INFO  ApacheHttpClient.startGA(35) - GAService started.
2020-01-30 13:21:01 INFO  AbstractRestApiClient.startService(71) - EventsService started.
2020-01-30 13:21:04 INFO  PluginTasksProjectComponent.projectClosing(188) - ---------- Project closed ----------

2020-01-30 13:21:09 INFO  ApacheHttpClient.getWebResourceAsStream(493) - responseCode = 200
2020-01-30 13:21:09 INFO  ApacheHttpClient.getFilteredTasks(332) - responseCode = 200
2020-01-30 13:21:21 INFO  ApacheHttpClient.getTaskTemplateInfo(349) - responseCode = 200
2020-01-30 13:21:23 INFO  ApacheHttpClient.getWebResourceAsStream(493) - responseCode = 200
2020-01-30 13:22:01 INFO  ApacheHttpClient.sendEvent(526) - responseCode = 200
2020-01-30 13:23:01 INFO  ApacheHttpClient.sendEvent(526) - responseCode = 200
2020-01-30 13:24:01 INFO  ApacheHttpClient.sendEvent(526) - responseCode = 200
2020-01-30 13:24:26 INFO  ApacheHttpClient.getWebResourceAsStream(493) - responseCode = 200
2020-01-30 13:24:27 INFO  ApacheHttpClient.getWebResourceAsStream(493) - responseCode = 200
2020-01-30 13:24:27 INFO  ApacheHttpClient.getTask(479) - responseCode = 200
2020-01-30 13:24:28 INFO  ApacheHttpClient.completed(28) - responseCode = 200
2020-01-30 13:24:28 INFO  ApacheHttpClient.getTask(479) - responseCode = 200
2020-01-30 13:24:43 INFO  ApacheHttpClient.getWebResourceAsStream(493) - responseCode = 200
2020-01-30 13:24:43 INFO  ApacheHttpClient.getFilteredTasks(332) - responseCode = 200
2020-01-30 13:25:01 INFO  ApacheHttpClient.sendEvent(526) - responseCode = 200
2020-01-30 13:25:02 INFO  ApacheHttpClient.getTaskTemplateInfo(349) - responseCode = 200
2020-01-30 13:25:03 INFO  ApacheHttpClient.getWebResourceAsStream(493) - responseCode = 200
2020-01-30 13:26:01 INFO  ApacheHttpClient.sendEvent(526) - responseCode = 200
2020-01-30 13:26:16 INFO  ApacheHttpClient.getWebResourceAsStream(493) - responseCode = 200
2020-01-30 13:26:17 INFO  ApacheHttpClient.getWebResourceAsStream(493) - responseCode = 200
2020-01-30 13:26:17 INFO  ApacheHttpClient.getTask(479) - responseCode = 200
2020-01-30 13:26:18 INFO  ApacheHttpClient.completed(28) - responseCode = 200
2020-01-30 13:26:18 INFO  ApacheHttpClient.getTask(479) - responseCode = 200
2020-01-30 13:26:22 INFO  ApacheHttpClient.getWebResourceAsStream(493) - responseCode = 200
2020-01-30 13:26:23 INFO  ApacheHttpClient.getFilteredTasks(332) - responseCode = 200
2020-01-30 13:26:36 INFO  ApacheHttpClient.getTaskTemplateInfo(349) - responseCode = 200
2020-01-30 13:26:37 INFO  ApacheHttpClient.getWebResourceAsStream(493) - responseCode = 200
2020-01-30 13:27:01 INFO  ApacheHttpClient.sendEvent(526) - responseCode = 200
2020-01-30 13:27:37 INFO  ApacheHttpClient.getWebResourceAsStream(493) - responseCode = 200
2020-01-30 13:27:37 INFO  ApacheHttpClient.getWebResourceAsStream(493) - responseCode = 200
2020-01-30 13:27:37 INFO  ApacheHttpClient.getTask(479) - responseCode = 200
2020-01-30 13:27:39 INFO  ApacheHttpClient.completed(28) - responseCode = 200
2020-01-30 13:27:58 INFO  ApacheHttpClient.getWebResourceAsStream(493) - responseCode = 200
2020-01-30 13:27:59 INFO  ApacheHttpClient.getWebResourceAsStream(493) - responseCode = 200
2020-01-30 13:27:59 INFO  ApacheHttpClient.getTask(479) - responseCode = 200
2020-01-30 13:28:01 INFO  ApacheHttpClient.sendEvent(526) - responseCode = 200
2020-01-30 13:28:02 INFO  ApacheHttpClient.completed(28) - responseCode = 200
2020-01-30 13:28:02 INFO  ApacheHttpClient.getTask(479) - responseCode = 200
2020-01-30 13:28:06 INFO  ApacheHttpClient.getWebResourceAsStream(493) - responseCode = 200
2020-01-30 13:28:07 INFO  ApacheHttpClient.getFilteredTasks(332) - responseCode = 200
2020-01-30 13:28:10 INFO  ApacheHttpClient.getTaskTemplateInfo(349) - responseCode = 200
2020-01-30 13:28:12 INFO  ApacheHttpClient.getWebResourceAsStream(493) - responseCode = 200
2020-01-30 13:29:01 INFO  ApacheHttpClient.sendEvent(526) - responseCode = 200
2020-01-30 13:30:01 INFO  ApacheHttpClient.sendEvent(526) - responseCode = 200
2020-01-30 13:30:22 INFO  ApacheHttpClient.getWebResourceAsStream(493) - responseCode = 200
2020-01-30 13:30:22 INFO  ApacheHttpClient.getTask(479) - responseCode = 200
2020-01-30 13:31:01 INFO  ApacheHttpClient.sendEvent(526) - responseCode = 200
2020-01-30 13:31:48 INFO  ApacheHttpClient.getWebResourceAsStream(493) - responseCode = 200
2020-01-30 13:31:48 INFO  ApacheHttpClient.getWebResourceAsStream(493) - responseCode = 200
2020-01-30 13:31:48 INFO  ApacheHttpClient.getTask(479) - responseCode = 200
2020-01-30 13:31:50 INFO  ApacheHttpClient.completed(28) - responseCode = 200
2020-01-30 13:31:50 INFO  ApacheHttpClient.getTask(479) - responseCode = 200
2020-01-30 13:32:01 INFO  ApacheHttpClient.sendEvent(526) - responseCode = 200
2020-01-30 13:33:01 INFO  ApacheHttpClient.sendEvent(526) - responseCode = 200
2020-01-30 13:33:51 INFO  ApacheHttpClient.getWebResourceAsStream(493) - responseCode = 200
2020-01-30 13:33:51 INFO  ApacheHttpClient.getFilteredTasks(332) - responseCode = 200
2020-01-30 13:33:52 INFO  ApacheHttpClient.getTaskTemplateInfo(349) - responseCode = 200
2020-01-30 13:33:52 INFO  ApacheHttpClient.getWebResourceAsStream(493) - responseCode = 200
2020-01-30 13:34:02 INFO  ApacheHttpClient.sendEvent(526) - responseCode = 200
2020-01-30 13:34:59 INFO  ApacheHttpClient.getWebResourceAsStream(493) - responseCode = 200
2020-01-30 13:34:59 INFO  ApacheHttpClient.getWebResourceAsStream(493) - responseCode = 200
2020-01-30 13:34:59 INFO  ApacheHttpClient.getTask(479) - responseCode = 200
2020-01-30 13:35:01 INFO  ApacheHttpClient.completed(28) - responseCode = 200
2020-01-30 13:35:01 INFO  ApacheHttpClient.getTask(479) - responseCode = 200
2020-01-30 13:35:01 INFO  ApacheHttpClient.sendEvent(526) - responseCode = 200
2020-01-30 13:35:05 INFO  ApacheHttpClient.getWebResourceAsStream(493) - responseCode = 200
2020-01-30 13:35:05 INFO  ApacheHttpClient.getFilteredTasks(332) - responseCode = 200
2020-01-30 13:35:07 INFO  ApacheHttpClient.getTaskTemplateInfo(349) - responseCode = 200
2020-01-30 13:35:07 INFO  ApacheHttpClient.getWebResourceAsStream(493) - responseCode = 200
2020-01-30 13:36:01 INFO  ApacheHttpClient.sendEvent(526) - responseCode = 200
2020-01-30 13:37:01 INFO  ApacheHttpClient.sendEvent(526) - responseCode = 200
2020-01-30 13:38:01 INFO  ApacheHttpClient.sendEvent(526) - responseCode = 200
2020-01-30 13:39:01 INFO  ApacheHttpClient.sendEvent(526) - responseCode = 200
2020-01-30 13:39:44 INFO  ApacheHttpClient.getWebResourceAsStream(493) - responseCode = 200
2020-01-30 13:39:44 INFO  ApacheHttpClient.getWebResourceAsStream(493) - responseCode = 200
2020-01-30 13:39:44 INFO  ApacheHttpClient.getTask(479) - responseCode = 200
2020-01-30 13:39:46 INFO  ApacheHttpClient.completed(28) - responseCode = 200
2020-01-30 13:39:46 INFO  ApacheHttpClient.getTask(479) - responseCode = 200
2020-01-30 13:39:51 INFO  ApacheHttpClient.getWebResourceAsStream(493) - responseCode = 200
2020-01-30 13:39:51 INFO  ApacheHttpClient.getFilteredTasks(332) - responseCode = 200
2020-01-30 13:39:56 INFO  ApacheHttpClient.getTaskTemplateInfo(349) - responseCode = 200
2020-01-30 13:39:56 INFO  ApacheHttpClient.getWebResourceAsStream(493) - responseCode = 200
2020-01-30 13:40:01 INFO  ApacheHttpClient.sendEvent(526) - responseCode = 200
2020-01-30 13:41:01 INFO  ApacheHttpClient.sendEvent(526) - responseCode = 200
2020-01-30 13:42:01 INFO  ApacheHttpClient.sendEvent(526) - responseCode = 200
2020-01-30 13:43:01 INFO  ApacheHttpClient.sendEvent(526) - responseCode = 200
2020-01-30 13:43:58 INFO  ApacheHttpClient.getWebResourceAsStream(493) - responseCode = 200
2020-01-30 13:43:58 INFO  ApacheHttpClient.getWebResourceAsStream(493) - responseCode = 200
2020-01-30 13:43:59 INFO  ApacheHttpClient.getTask(479) - responseCode = 200
2020-01-30 13:44:01 INFO  ApacheHttpClient.completed(28) - responseCode = 200
2020-01-30 13:44:01 INFO  ApacheHttpClient.getTask(479) - responseCode = 200
2020-01-30 13:44:01 INFO  ApacheHttpClient.sendEvent(526) - responseCode = 200
2020-01-30 13:44:05 INFO  ApacheHttpClient.getWebResourceAsStream(493) - responseCode = 200
2020-01-30 13:44:05 INFO  ApacheHttpClient.getFilteredTasks(332) - responseCode = 200
2020-01-30 13:44:14 INFO  ApacheHttpClient.getFilteredTasks(332) - responseCode = 200
2020-01-30 13:44:17 INFO  ApacheHttpClient.getFilteredTasks(332) - responseCode = 200
2020-01-30 13:45:01 INFO  ApacheHttpClient.sendEvent(526) - responseCode = 200
2020-01-30 13:46:01 INFO  ApacheHttpClient.sendEvent(526) - responseCode = 200
2020-01-30 13:47:01 INFO  ApacheHttpClient.sendEvent(526) - responseCode = 200
2020-01-30 13:48:01 INFO  ApacheHttpClient.sendEvent(526) - responseCode = 200
2020-01-30 13:49:01 INFO  ApacheHttpClient.sendEvent(526) - responseCode = 200
2020-01-30 13:50:01 INFO  ApacheHttpClient.sendEvent(526) - responseCode = 200
2020-01-30 13:51:01 INFO  ApacheHttpClient.sendEvent(526) - responseCode = 200
2020-01-30 13:52:01 INFO  ApacheHttpClient.sendEvent(526) - responseCode = 200
2020-01-30 13:53:01 INFO  ApacheHttpClient.sendEvent(526) - responseCode = 200
2020-01-30 13:54:01 INFO  ApacheHttpClient.sendEvent(526) - responseCode = 200
2020-01-30 13:55:01 INFO  ApacheHttpClient.sendEvent(526) - responseCode = 200
2020-01-30 13:56:01 INFO  ApacheHttpClient.sendEvent(526) - responseCode = 200
2020-01-30 13:57:01 INFO  ApacheHttpClient.sendEvent(526) - responseCode = 200
2020-01-30 13:58:01 INFO  ApacheHttpClient.sendEvent(526) - responseCode = 200
2020-01-30 13:59:01 INFO  ApacheHttpClient.sendEvent(526) - responseCode = 200
2020-01-30 14:00:01 INFO  ApacheHttpClient.sendEvent(526) - responseCode = 200
2020-01-30 14:01:01 INFO  ApacheHttpClient.sendEvent(526) - responseCode = 200
2020-01-30 14:02:01 INFO  ApacheHttpClient.sendEvent(526) - responseCode = 200
2020-01-30 14:03:01 INFO  ApacheHttpClient.sendEvent(526) - responseCode = 200
2020-01-30 14:04:01 INFO  ApacheHttpClient.sendEvent(526) - responseCode = 200
2020-01-30 14:05:01 INFO  ApacheHttpClient.sendEvent(526) - responseCode = 200
2020-01-30 14:06:01 INFO  ApacheHttpClient.sendEvent(526) - responseCode = 200
2020-01-30 14:07:01 INFO  ApacheHttpClient.sendEvent(526) - responseCode = 200
2020-01-30 14:08:03 INFO  ApacheHttpClient.sendEvent(526) - responseCode = 200
2020-01-30 14:09:01 INFO  ApacheHttpClient.sendEvent(526) - responseCode = 200
2020-01-30 14:10:01 INFO  ApacheHttpClient.sendEvent(526) - responseCode = 200
2020-01-30 14:11:01 INFO  ApacheHttpClient.sendEvent(526) - responseCode = 200
2020-01-30 14:12:01 INFO  ApacheHttpClient.sendEvent(526) - responseCode = 200
2020-01-30 14:13:01 INFO  ApacheHttpClient.sendEvent(526) - responseCode = 200
2020-01-30 14:14:01 INFO  ApacheHttpClient.sendEvent(526) - responseCode = 200
2020-01-30 14:15:01 INFO  ApacheHttpClient.sendEvent(526) - responseCode = 200
2020-01-30 14:16:01 INFO  ApacheHttpClient.sendEvent(526) - responseCode = 200
2020-01-30 14:17:01 INFO  ApacheHttpClient.sendEvent(526) - responseCode = 200
2020-01-30 14:18:01 INFO  ApacheHttpClient.sendEvent(526) - responseCode = 200
2020-01-30 14:19:01 INFO  ApacheHttpClient.sendEvent(526) - responseCode = 200
2020-01-30 14:20:01 INFO  ApacheHttpClient.sendEvent(526) - responseCode = 200
2020-01-30 14:21:01 INFO  ApacheHttpClient.sendEvent(526) - responseCode = 200
2020-01-30 14:22:01 INFO  ApacheHttpClient.sendEvent(526) - responseCode = 200
2020-01-30 14:23:01 INFO  ApacheHttpClient.sendEvent(526) - responseCode = 200
2020-01-30 14:24:01 INFO  ApacheHttpClient.sendEvent(526) - responseCode = 200
2020-01-30 14:25:01 INFO  ApacheHttpClient.sendEvent(526) - responseCode = 200
2020-01-30 14:26:01 INFO  ApacheHttpClient.sendEvent(526) - responseCode = 200
2020-01-30 14:27:01 INFO  ApacheHttpClient.sendEvent(526) - responseCode = 200
2020-01-30 14:28:01 INFO  ApacheHttpClient.sendEvent(526) - responseCode = 200
2020-01-30 14:29:01 INFO  ApacheHttpClient.sendEvent(526) - responseCode = 200
2020-01-30 14:30:01 INFO  ApacheHttpClient.sendEvent(526) - responseCode = 200
2020-01-30 14:31:01 INFO  ApacheHttpClient.sendEvent(526) - responseCode = 200
2020-01-30 14:32:01 INFO  ApacheHttpClient.sendEvent(526) - responseCode = 200
2020-01-30 14:33:01 INFO  ApacheHttpClient.sendEvent(526) - responseCode = 200
2020-01-30 14:34:01 INFO  ApacheHttpClient.sendEvent(526) - responseCode = 200
2020-01-30 14:35:01 INFO  ApacheHttpClient.sendEvent(526) - responseCode = 200
2020-01-30 14:36:01 INFO  ApacheHttpClient.sendEvent(526) - responseCode = 200
2020-01-30 14:37:01 INFO  ApacheHttpClient.sendEvent(526) - responseCode = 200
2020-01-30 14:38:01 INFO  ApacheHttpClient.sendEvent(526) - responseCode = 200
2020-01-30 14:39:01 INFO  ApacheHttpClient.sendEvent(526) - responseCode = 200
2020-01-30 14:40:01 INFO  ApacheHttpClient.sendEvent(526) - responseCode = 200
2020-01-30 14:41:01 INFO  ApacheHttpClient.sendEvent(526) - responseCode = 200
2020-01-30 14:41:06 INFO  PluginTasksProjectComponent.projectClosing(188) - ---------- Project closed ----------

2020-01-30 14:41:06 INFO  ApacheHttpClient.getTask(479) - responseCode = 200
2020-01-30 14:41:06 INFO  ApacheHttpClient.getTask(479) - responseCode = 200
2020-01-30 14:41:06 INFO  ApacheHttpClient.getTask(479) - responseCode = 200
2020-01-30 14:41:06 INFO  ApacheHttpClient.getTask(479) - responseCode = 200
2020-01-30 14:41:07 INFO  ApacheHttpClient.getTask(479) - responseCode = 200
2020-01-30 14:41:07 INFO  ApacheHttpClient.getTask(479) - responseCode = 200
2020-01-30 14:41:07 INFO  ApacheHttpClient.getTask(479) - responseCode = 200
