/*C12*/SET SCHEMA PUBLIC
drop table if exists hotel_booking CASCADE 
drop sequence hibernate_sequence if exists
create sequence hibernate_sequence start with 1 increment by 1
create table hotel_booking (id bigint not null, hotel_name varchar(255), nb_of_nights integer not null, price_per_night double not null, primary key (id))
INSERT INTO HOTEL_BOOKING VALUES(1,'Marriot',3,200.5E0)
INSERT INTO HOTEL_BOOKING VALUES(2,'Ibis',4,90.0E0)
INSERT INTO HOTEL_BOOKING VALUES(3,'Novotel',1,140.5E0)
INSERT INTO HOTEL_BOOKING VALUES(4,'Marriot',3,80.0E0)
INSERT INTO HOTEL_BOOKING VALUES(5,'Ibis',4,115.5E0)
INSERT INTO HOTEL_BOOKING VALUES(6,'Novotel',6,250.0E0)
ALTER SEQUENCE PUBLIC.HIBERNATE_SEQUENCE RESTART WITH 7
COMMIT
drop table if exists hotel_booking CASCADE 
drop sequence hibernate_sequence if exists
DISCONNECT
/*C13*/SET SCHEMA PUBLIC
DISCONNECT
/*C14*/SET SCHEMA PUBLIC
DISCONNECT
/*C15*/SET SCHEMA PUBLIC
DISCONNECT
/*C16*/SET SCHEMA PUBLIC
DISCONNECT
/*C17*/SET SCHEMA PUBLIC
DISCONNECT
/*C18*/SET SCHEMA PUBLIC
DISCONNECT
/*C19*/SET SCHEMA PUBLIC
DISCONNECT
/*C20*/SET SCHEMA PUBLIC
DISCONNECT
/*C21*/SET SCHEMA PUBLIC
DISCONNECT
/*C22*/SET SCHEMA PUBLIC
drop table if exists hotel_booking CASCADE 
drop sequence hibernate_sequence if exists
create sequence hibernate_sequence start with 1 increment by 1
create table hotel_booking (id bigint not null, hotel_name varchar(255), nb_of_nights integer not null, price_per_night double not null, primary key (id))
INSERT INTO HOTEL_BOOKING VALUES(1,'Marriot',3,200.5E0)
INSERT INTO HOTEL_BOOKING VALUES(2,'Ibis',4,90.0E0)
INSERT INTO HOTEL_BOOKING VALUES(3,'Novotel',1,140.5E0)
INSERT INTO HOTEL_BOOKING VALUES(4,'Marriot',3,80.0E0)
INSERT INTO HOTEL_BOOKING VALUES(5,'Ibis',4,115.5E0)
INSERT INTO HOTEL_BOOKING VALUES(6,'Novotel',6,250.0E0)
ALTER SEQUENCE PUBLIC.HIBERNATE_SEQUENCE RESTART WITH 7
COMMIT
drop table if exists hotel_booking CASCADE 
drop sequence hibernate_sequence if exists
DISCONNECT
/*C23*/SET SCHEMA PUBLIC
DISCONNECT
/*C24*/SET SCHEMA PUBLIC
DISCONNECT
/*C25*/SET SCHEMA PUBLIC
DISCONNECT
/*C26*/SET SCHEMA PUBLIC
DISCONNECT
/*C27*/SET SCHEMA PUBLIC
DISCONNECT
/*C28*/SET SCHEMA PUBLIC
DISCONNECT
/*C29*/SET SCHEMA PUBLIC
DISCONNECT
/*C30*/SET SCHEMA PUBLIC
DISCONNECT
/*C31*/SET SCHEMA PUBLIC
DISCONNECT
/*C32*/SET SCHEMA PUBLIC
drop table if exists hotel_booking CASCADE 
drop sequence hibernate_sequence if exists
create sequence hibernate_sequence start with 1 increment by 1
create table hotel_booking (id bigint not null, hotel_name varchar(255), nb_of_nights integer not null, price_per_night double not null, primary key (id))
INSERT INTO HOTEL_BOOKING VALUES(1,'Marriot',3,200.5E0)
INSERT INTO HOTEL_BOOKING VALUES(2,'Ibis',4,90.0E0)
INSERT INTO HOTEL_BOOKING VALUES(3,'Novotel',1,140.5E0)
INSERT INTO HOTEL_BOOKING VALUES(4,'Marriot',3,80.0E0)
INSERT INTO HOTEL_BOOKING VALUES(5,'Ibis',4,115.5E0)
INSERT INTO HOTEL_BOOKING VALUES(6,'Novotel',6,250.0E0)
ALTER SEQUENCE PUBLIC.HIBERNATE_SEQUENCE RESTART WITH 7
COMMIT
drop table if exists hotel_booking CASCADE 
drop sequence hibernate_sequence if exists
DISCONNECT
/*C33*/SET SCHEMA PUBLIC
DISCONNECT
/*C34*/SET SCHEMA PUBLIC
DISCONNECT
/*C35*/SET SCHEMA PUBLIC
DISCONNECT
/*C36*/SET SCHEMA PUBLIC
DISCONNECT
/*C37*/SET SCHEMA PUBLIC
DISCONNECT
/*C38*/SET SCHEMA PUBLIC
DISCONNECT
/*C39*/SET SCHEMA PUBLIC
DISCONNECT
/*C40*/SET SCHEMA PUBLIC
DISCONNECT
/*C41*/SET SCHEMA PUBLIC
DISCONNECT
